27134 clone(child_stack=0x7b824d75f698, flags=CLONE_VM|CLONE_FS|CLONE_FILES|CLONE_SIGHAND|CLONE_THREAD|CLONE_SYSVSEM|CLONE_SETTLS|CLONE_PARENT_SETTID|CLONE_CHILD_CLEARTID|0x400000, parent_tid=[27135], tls=0x7b824d75fb38, child_tidptr=0xadb70e8) = 27135
27134 clone(child_stack=0x7b824b75d698, flags=CLONE_VM|CLONE_FS|CLONE_FILES|CLONE_SIGHAND|CLONE_THREAD|CLONE_SYSVSEM|CLONE_SETTLS|CLONE_PARENT_SETTID|CLONE_CHILD_CLEARTID|0x400000, parent_tid=[27136], tls=0x7b824b75db38, child_tidptr=0xadb70e8) = 27136
27134 clone(child_stack=0x7b824975b698, flags=CLONE_VM|CLONE_FS|CLONE_FILES|CLONE_SIGHAND|CLONE_THREAD|CLONE_SYSVSEM|CLONE_SETTLS|CLONE_PARENT_SETTID|CLONE_CHILD_CLEARTID|0x400000, parent_tid=[27137], tls=0x7b824975bb38, child_tidptr=0xadb70e8) = 27137
27134 clone(child_stack=0x7b8247759698, flags=CLONE_VM|CLONE_FS|CLONE_FILES|CLONE_SIGHAND|CLONE_THREAD|CLONE_SYSVSEM|CLONE_SETTLS|CLONE_PARENT_SETTID|CLONE_CHILD_CLEARTID|0x400000, parent_tid=[27138], tls=0x7b8247759b38, child_tidptr=0xadb70e8) = 27138
27134 clone(child_stack=0x7b8245757698, flags=CLONE_VM|CLONE_FS|CLONE_FILES|CLONE_SIGHAND|CLONE_THREAD|CLONE_SYSVSEM|CLONE_SETTLS|CLONE_PARENT_SETTID|CLONE_CHILD_CLEARTID|0x400000, parent_tid=[27139], tls=0x7b8245757b38, child_tidptr=0xadb70e8) = 27139
27134 clone(child_stack=0x7b8243755698, flags=CLONE_VM|CLONE_FS|CLONE_FILES|CLONE_SIGHAND|CLONE_THREAD|CLONE_SYSVSEM|CLONE_SETTLS|CLONE_PARENT_SETTID|CLONE_CHILD_CLEARTID|0x400000, parent_tid=[27140], tls=0x7b8243755b38, child_tidptr=0xadb70e8) = 27140
27134 clone(child_stack=0x7b8241753698, flags=CLONE_VM|CLONE_FS|CLONE_FILES|CLONE_SIGHAND|CLONE_THREAD|CLONE_SYSVSEM|CLONE_SETTLS|CLONE_PARENT_SETTID|CLONE_CHILD_CLEARTID|0x400000, parent_tid=[27141], tls=0x7b8241753b38, child_tidptr=0xadb70e8) = 27141
27134 clone(child_stack=0x7b823f751698, flags=CLONE_VM|CLONE_FS|CLONE_FILES|CLONE_SIGHAND|CLONE_THREAD|CLONE_SYSVSEM|CLONE_SETTLS|CLONE_PARENT_SETTID|CLONE_CHILD_CLEARTID|0x400000, parent_tid=[27142], tls=0x7b823f751b38, child_tidptr=0xadb70e8) = 27142
27134 clone(child_stack=0x7b823d74f698, flags=CLONE_VM|CLONE_FS|CLONE_FILES|CLONE_SIGHAND|CLONE_THREAD|CLONE_SYSVSEM|CLONE_SETTLS|CLONE_PARENT_SETTID|CLONE_CHILD_CLEARTID|0x400000, parent_tid=[27143], tls=0x7b823d74fb38, child_tidptr=0xadb70e8) = 27143
27134 clone(child_stack=0x7b823b74d698, flags=CLONE_VM|CLONE_FS|CLONE_FILES|CLONE_SIGHAND|CLONE_THREAD|CLONE_SYSVSEM|CLONE_SETTLS|CLONE_PARENT_SETTID|CLONE_CHILD_CLEARTID|0x400000, parent_tid=[27144], tls=0x7b823b74db38, child_tidptr=0xadb70e8) = 27144
27134 clone(child_stack=0x7b823974b698, flags=CLONE_VM|CLONE_FS|CLONE_FILES|CLONE_SIGHAND|CLONE_THREAD|CLONE_SYSVSEM|CLONE_SETTLS|CLONE_PARENT_SETTID|CLONE_CHILD_CLEARTID|0x400000, parent_tid=[27145], tls=0x7b823974bb38, child_tidptr=0xadb70e8) = 27145
27134 clone(child_stack=0x7b8237749698, flags=CLONE_VM|CLONE_FS|CLONE_FILES|CLONE_SIGHAND|CLONE_THREAD|CLONE_SYSVSEM|CLONE_SETTLS|CLONE_PARENT_SETTID|CLONE_CHILD_CLEARTID|0x400000, parent_tid=[27146], tls=0x7b8237749b38, child_tidptr=0xadb70e8) = 27146
27134 clone(child_stack=0x7b8235747698, flags=CLONE_VM|CLONE_FS|CLONE_FILES|CLONE_SIGHAND|CLONE_THREAD|CLONE_SYSVSEM|CLONE_SETTLS|CLONE_PARENT_SETTID|CLONE_CHILD_CLEARTID|0x400000, parent_tid=[27147], tls=0x7b8235747b38, child_tidptr=0xadb70e8) = 27147
27134 clone(child_stack=0x7b8233745698, flags=CLONE_VM|CLONE_FS|CLONE_FILES|CLONE_SIGHAND|CLONE_THREAD|CLONE_SYSVSEM|CLONE_SETTLS|CLONE_PARENT_SETTID|CLONE_CHILD_CLEARTID|0x400000, parent_tid=[27148], tls=0x7b8233745b38, child_tidptr=0xadb70e8) = 27148
27134 clone(child_stack=0x7b8231743698, flags=CLONE_VM|CLONE_FS|CLONE_FILES|CLONE_SIGHAND|CLONE_THREAD|CLONE_SYSVSEM|CLONE_SETTLS|CLONE_PARENT_SETTID|CLONE_CHILD_CLEARTID|0x400000, parent_tid=[27149], tls=0x7b8231743b38, child_tidptr=0xadb70e8) = 27149
27134 clone(child_stack=0x7b822f741698, flags=CLONE_VM|CLONE_FS|CLONE_FILES|CLONE_SIGHAND|CLONE_THREAD|CLONE_SYSVSEM|CLONE_SETTLS|CLONE_PARENT_SETTID|CLONE_CHILD_CLEARTID|0x400000, parent_tid=[27150], tls=0x7b822f741b38, child_tidptr=0xadb70e8) = 27150
27134 clone(child_stack=0x7b822d735698, flags=CLONE_VM|CLONE_FS|CLONE_FILES|CLONE_SIGHAND|CLONE_THREAD|CLONE_SYSVSEM|CLONE_SETTLS|CLONE_PARENT_SETTID|CLONE_CHILD_CLEARTID|0x400000, parent_tid=[27151], tls=0x7b822d735b38, child_tidptr=0xadb70e8) = 27151
27134 clone(child_stack=0x7b822c732698, flags=CLONE_VM|CLONE_FS|CLONE_FILES|CLONE_SIGHAND|CLONE_THREAD|CLONE_SYSVSEM|CLONE_SETTLS|CLONE_PARENT_SETTID|CLONE_CHILD_CLEARTID|0x400000, parent_tid=[27152], tls=0x7b822c732b38, child_tidptr=0xadb70e8) = 27152
27152 +++ exited with 0 +++
27183 clone(child_stack=0x76e67e053698, flags=CLONE_VM|CLONE_FS|CLONE_FILES|CLONE_SIGHAND|CLONE_THREAD|CLONE_SYSVSEM|CLONE_SETTLS|CLONE_PARENT_SETTID|CLONE_CHILD_CLEARTID|0x400000, parent_tid=[27184], tls=0x76e67e053b38, child_tidptr=0xadb70e8) = 27184
27184 clone(child_stack=0x76e67d850698, flags=CLONE_VM|CLONE_FS|CLONE_FILES|CLONE_SIGHAND|CLONE_THREAD|CLONE_SYSVSEM|CLONE_SETTLS|CLONE_PARENT_SETTID|CLONE_CHILD_CLEARTID|0x400000, parent_tid=[27185], tls=0x76e67d850b38, child_tidptr=0xadb70e8) = 27185
27184 clone(child_stack=0x76e67d04d698, flags=CLONE_VM|CLONE_FS|CLONE_FILES|CLONE_SIGHAND|CLONE_THREAD|CLONE_SYSVSEM|CLONE_SETTLS|CLONE_PARENT_SETTID|CLONE_CHILD_CLEARTID|0x400000, parent_tid=[27186], tls=0x76e67d04db38, child_tidptr=0xadb70e8) = 27186
27184 clone(child_stack=0x76e67c84a698, flags=CLONE_VM|CLONE_FS|CLONE_FILES|CLONE_SIGHAND|CLONE_THREAD|CLONE_SYSVSEM|CLONE_SETTLS|CLONE_PARENT_SETTID|CLONE_CHILD_CLEARTID|0x400000, parent_tid=[27187], tls=0x76e67c84ab38, child_tidptr=0xadb70e8) = 27187
27184 clone(child_stack=0x76e67c047698, flags=CLONE_VM|CLONE_FS|CLONE_FILES|CLONE_SIGHAND|CLONE_THREAD|CLONE_SYSVSEM|CLONE_SETTLS|CLONE_PARENT_SETTID|CLONE_CHILD_CLEARTID|0x400000, parent_tid=[27188], tls=0x76e67c047b38, child_tidptr=0xadb70e8) = 27188
27184 clone(child_stack=0x76e67b844698, flags=CLONE_VM|CLONE_FS|CLONE_FILES|CLONE_SIGHAND|CLONE_THREAD|CLONE_SYSVSEM|CLONE_SETTLS|CLONE_PARENT_SETTID|CLONE_CHILD_CLEARTID|0x400000, parent_tid=[27189], tls=0x76e67b844b38, child_tidptr=0xadb70e8) = 27189
27184 clone(child_stack=0x76e67b041698, flags=CLONE_VM|CLONE_FS|CLONE_FILES|CLONE_SIGHAND|CLONE_THREAD|CLONE_SYSVSEM|CLONE_SETTLS|CLONE_PARENT_SETTID|CLONE_CHILD_CLEARTID|0x400000, parent_tid=[27190], tls=0x76e67b041b38, child_tidptr=0xadb70e8) = 27190
27184 clone(child_stack=0x76e67a83e698, flags=CLONE_VM|CLONE_FS|CLONE_FILES|CLONE_SIGHAND|CLONE_THREAD|CLONE_SYSVSEM|CLONE_SETTLS|CLONE_PARENT_SETTID|CLONE_CHILD_CLEARTID|0x400000, parent_tid=[27191], tls=0x76e67a83eb38, child_tidptr=0xadb70e8) = 27191
27184 clone(child_stack=0x76e67a03b698, flags=CLONE_VM|CLONE_FS|CLONE_FILES|CLONE_SIGHAND|CLONE_THREAD|CLONE_SYSVSEM|CLONE_SETTLS|CLONE_PARENT_SETTID|CLONE_CHILD_CLEARTID|0x400000, parent_tid=[27192], tls=0x76e67a03bb38, child_tidptr=0xadb70e8) = 27192
27184 clone(child_stack=0x76e679838698, flags=CLONE_VM|CLONE_FS|CLONE_FILES|CLONE_SIGHAND|CLONE_THREAD|CLONE_SYSVSEM|CLONE_SETTLS|CLONE_PARENT_SETTID|CLONE_CHILD_CLEARTID|0x400000, parent_tid=[27193], tls=0x76e679838b38, child_tidptr=0xadb70e8) = 27193
27184 clone(child_stack=0x76e679035698, flags=CLONE_VM|CLONE_FS|CLONE_FILES|CLONE_SIGHAND|CLONE_THREAD|CLONE_SYSVSEM|CLONE_SETTLS|CLONE_PARENT_SETTID|CLONE_CHILD_CLEARTID|0x400000, parent_tid=[27194], tls=0x76e679035b38, child_tidptr=0xadb70e8) = 27194
27184 clone(child_stack=0x76e678832698, flags=CLONE_VM|CLONE_FS|CLONE_FILES|CLONE_SIGHAND|CLONE_THREAD|CLONE_SYSVSEM|CLONE_SETTLS|CLONE_PARENT_SETTID|CLONE_CHILD_CLEARTID|0x400000, parent_tid=[27195], tls=0x76e678832b38, child_tidptr=0xadb70e8) = 27195
27184 clone(child_stack=0x76e67802f698, flags=CLONE_VM|CLONE_FS|CLONE_FILES|CLONE_SIGHAND|CLONE_THREAD|CLONE_SYSVSEM|CLONE_SETTLS|CLONE_PARENT_SETTID|CLONE_CHILD_CLEARTID|0x400000, parent_tid=[27196], tls=0x76e67802fb38, child_tidptr=0xadb70e8) = 27196
27184 clone(child_stack=0x76e67782c698, flags=CLONE_VM|CLONE_FS|CLONE_FILES|CLONE_SIGHAND|CLONE_THREAD|CLONE_SYSVSEM|CLONE_SETTLS|CLONE_PARENT_SETTID|CLONE_CHILD_CLEARTID|0x400000, parent_tid=[27197], tls=0x76e67782cb38, child_tidptr=0xadb70e8) = 27197
27184 clone(child_stack=0x76e677029698, flags=CLONE_VM|CLONE_FS|CLONE_FILES|CLONE_SIGHAND|CLONE_THREAD|CLONE_SYSVSEM|CLONE_SETTLS|CLONE_PARENT_SETTID|CLONE_CHILD_CLEARTID|0x400000, parent_tid=[27198], tls=0x76e677029b38, child_tidptr=0xadb70e8) = 27198
27184 clone(child_stack=0x76e676826698, flags=CLONE_VM|CLONE_FS|CLONE_FILES|CLONE_SIGHAND|CLONE_THREAD|CLONE_SYSVSEM|CLONE_SETTLS|CLONE_PARENT_SETTID|CLONE_CHILD_CLEARTID|0x400000, parent_tid=[27199], tls=0x76e676826b38, child_tidptr=0xadb70e8) = 27199
27183 clone(child_stack=0x76e675eea698, flags=CLONE_VM|CLONE_FS|CLONE_FILES|CLONE_SIGHAND|CLONE_THREAD|CLONE_SYSVSEM|CLONE_SETTLS|CLONE_PARENT_SETTID|CLONE_CHILD_CLEARTID|0x400000, parent_tid=[27200], tls=0x76e675eeab38, child_tidptr=0xadb70e8) = 27200
27200 +++ exited with 0 +++
27188 +++ exited with 0 +++
27195 +++ exited with 0 +++
27198 +++ exited with 0 +++
27189 +++ exited with 0 +++
27199 +++ exited with 0 +++
27187 +++ exited with 0 +++
27186 +++ exited with 0 +++
27184 +++ exited with 0 +++
27190 +++ exited with 0 +++
27191 +++ exited with 0 +++
27194 +++ exited with 0 +++
27193 +++ exited with 0 +++
27192 +++ exited with 0 +++
27197 +++ exited with 0 +++
27196 +++ exited with 0 +++
27185 +++ exited with 0 +++
27183 +++ exited with 0 +++
27134 --- SIGCHLD {si_signo=SIGCHLD, si_code=CLD_EXITED, si_pid=27183, si_uid=1000, si_status=0, si_utime=1 /* 0.01 s */, si_stime=6 /* 0.06 s */} ---
27151 +++ exited with 0 +++
27150 +++ exited with 0 +++
27149 +++ exited with 0 +++
27148 +++ exited with 0 +++
27147 +++ exited with 0 +++
27146 +++ exited with 0 +++
27145 +++ exited with 0 +++
27144 +++ exited with 0 +++
27143 +++ exited with 0 +++
27142 +++ exited with 0 +++
27141 +++ exited with 0 +++
27140 +++ exited with 0 +++
27139 +++ exited with 0 +++
27138 +++ exited with 0 +++
27137 +++ exited with 0 +++
27136 +++ exited with 0 +++
27135 +++ exited with 0 +++
27134 clone(child_stack=0x7b8c559feff8, flags=CLONE_VM|CLONE_FS|CLONE_FILES|CLONE_SIGHAND|CLONE_THREAD|CLONE_SYSVSEM|CLONE_SETTLS|CLONE_PARENT_SETTID|CLONE_CHILD_CLEARTID|0x400000, parent_tid=[27201], tls=0x7b8c559ff010, child_tidptr=0x7b8c559ff048) = 27201
27134 clone(child_stack=0x7b8c549fcff8, flags=CLONE_VM|CLONE_FS|CLONE_FILES|CLONE_SIGHAND|CLONE_THREAD|CLONE_SYSVSEM|CLONE_SETTLS|CLONE_PARENT_SETTID|CLONE_CHILD_CLEARTID|0x400000, parent_tid=[27202], tls=0x7b8c549fd010, child_tidptr=0x7b8c549fd048) = 27202
27134 clone(child_stack=0x7b8c539faff8, flags=CLONE_VM|CLONE_FS|CLONE_FILES|CLONE_SIGHAND|CLONE_THREAD|CLONE_SYSVSEM|CLONE_SETTLS|CLONE_PARENT_SETTID|CLONE_CHILD_CLEARTID|0x400000, parent_tid=[27203], tls=0x7b8c539fb010, child_tidptr=0x7b8c539fb048) = 27203
27134 clone(child_stack=0x7b8c529f8ff8, flags=CLONE_VM|CLONE_FS|CLONE_FILES|CLONE_SIGHAND|CLONE_THREAD|CLONE_SYSVSEM|CLONE_SETTLS|CLONE_PARENT_SETTID|CLONE_CHILD_CLEARTID|0x400000, parent_tid=[27204], tls=0x7b8c529f9010, child_tidptr=0x7b8c529f9048) = 27204
27134 clone(child_stack=0x7b8c519f6ff8, flags=CLONE_VM|CLONE_FS|CLONE_FILES|CLONE_SIGHAND|CLONE_THREAD|CLONE_SYSVSEM|CLONE_SETTLS|CLONE_PARENT_SETTID|CLONE_CHILD_CLEARTID|0x400000, parent_tid=[27205], tls=0x7b8c519f7010, child_tidptr=0x7b8c519f7048) = 27205
27134 clone(child_stack=0x7b8c509f4ff8, flags=CLONE_VM|CLONE_FS|CLONE_FILES|CLONE_SIGHAND|CLONE_THREAD|CLONE_SYSVSEM|CLONE_SETTLS|CLONE_PARENT_SETTID|CLONE_CHILD_CLEARTID|0x400000, parent_tid=[27206], tls=0x7b8c509f5010, child_tidptr=0x7b8c509f5048) = 27206
27134 clone(child_stack=0x7b8c4f9f2ff8, flags=CLONE_VM|CLONE_FS|CLONE_FILES|CLONE_SIGHAND|CLONE_THREAD|CLONE_SYSVSEM|CLONE_SETTLS|CLONE_PARENT_SETTID|CLONE_CHILD_CLEARTID|0x400000, parent_tid=[27207], tls=0x7b8c4f9f3010, child_tidptr=0x7b8c4f9f3048) = 27207
27134 clone(child_stack=0x7b8c4e9f0ff8, flags=CLONE_VM|CLONE_FS|CLONE_FILES|CLONE_SIGHAND|CLONE_THREAD|CLONE_SYSVSEM|CLONE_SETTLS|CLONE_PARENT_SETTID|CLONE_CHILD_CLEARTID|0x400000, parent_tid=[27208], tls=0x7b8c4e9f1010, child_tidptr=0x7b8c4e9f1048) = 27208
27134 clone(child_stack=0x7b8c4d9eeff8, flags=CLONE_VM|CLONE_FS|CLONE_FILES|CLONE_SIGHAND|CLONE_THREAD|CLONE_SYSVSEM|CLONE_SETTLS|CLONE_PARENT_SETTID|CLONE_CHILD_CLEARTID|0x400000, parent_tid=[27209], tls=0x7b8c4d9ef010, child_tidptr=0x7b8c4d9ef048) = 27209
27207 --- SIGINT {si_signo=SIGINT, si_code=SI_KERNEL} ---
27209 +++ killed by SIGINT +++
27208 +++ killed by SIGINT +++
27207 +++ killed by SIGINT +++
27204 +++ killed by SIGINT +++
27201 +++ killed by SIGINT +++
27205 +++ killed by SIGINT +++
27203 +++ killed by SIGINT +++
27202 +++ killed by SIGINT +++
27206 +++ killed by SIGINT +++
27134 +++ killed by SIGINT +++
